<?xml version="1.0" encoding="UTF-8"?>
<!-- Generated by org.testng.reporters.JUnitXMLReporter -->
<testsuite ignored="0" hostname="USBLRANUDEB3" failures="0" tests="4" name="Default test" time="1.327" errors="0" timestamp="21 Mar 2021 13:41:43 GMT">
  <testcase classname="com.testcases.TestData" name="DatatoTest" time="0.027"/>
  <testcase classname="com.testcases.TestData" name="DatatoTest" time="0.004"/>
  <testcase classname="com.testcases.TestData" name="DatatoTest1" time="0.002"/>
  <testcase classname="com.testcases.TestData" name="DatatoTest2" time="0.002"/>
</testsuite> <!-- Default test -->
